<?xml version="1.0" encoding="UTF-8" ?>
<testsuite tests="12" failures="0" name="TestSuite" time="5.116" errors="0" skipped="0">
  <properties>
    <property name="java.vendor" value="Oracle Corporation"/>
    <property name="JOB_NAME" value="testngone"/>
    <property name="sun.java.launcher" value="SUN_STANDARD"/>
    <property name="windows_tracing_logfile" value="C:\BVTBin\Tests\installpackage\csilogfile.log"/>
    <property name="NUMBER_OF_PROCESSORS" value="4"/>
    <property name="sun.management.compiler" value="HotSpot 64-Bit Tiered Compilers"/>
    <property name="JENKINS_HOME" value="C:\Users\zhangyin\.jenkins"/>
    <property name="HUDSON_SERVER_COOKIE" value="7e37067e3bf74a56"/>
    <property name="POM_ARTIFACTID" value="testng"/>
    <property name="os.name" value="Windows 7"/>
    <property name="sun.boot.class.path" value="C:\Program Files\Java\jdk1.8.0_161\jre\lib\resources.jar;C:\Program Files\Java\jdk1.8.0_161\jre\lib\rt.jar;C:\Program Files\Java\jdk1.8.0_161\jre\lib\sunrsasign.jar;C:\Program Files\Java\jdk1.8.0_161\jre\lib\jsse.jar;C:\Program Files\Java\jdk1.8.0_161\jre\lib\jce.jar;C:\Program Files\Java\jdk1.8.0_161\jre\lib\charsets.jar;C:\Program Files\Java\jdk1.8.0_161\jre\lib\jfr.jar;C:\Program Files\Java\jdk1.8.0_161\jre\classes"/>
    <property name="EXECUTOR_NUMBER" value="0"/>
    <property name="sun.desktop" value="windows"/>
    <property name="PATHEXT" value=".COM;.EXE;.BAT;.CMD;.VBS;.VBE;.JS;.JSE;.WSF;.WSH;.MSC"/>
    <property name="java.vm.specification.vendor" value="Oracle Corporation"/>
    <property name="POM_DISPLAYNAME" value="testng"/>
    <property name="NODE_LABELS" value="master"/>
    <property name="TEMP" value="C:\Users\zhangyin\AppData\Local\Temp"/>
    <property name="java.runtime.version" value="1.8.0_161-b12"/>
    <property name="ORACLE_HOME" value="D:\instantclient_12_2"/>
    <property name="user.name" value="zhangyin"/>
    <property name="guice.disable.misplaced.annotation.check" value="true"/>
    <property name="CommonProgramW6432" value="C:\Program Files\Common Files"/>
    <property name="ProgramFiles" value="C:\Program Files"/>
    <property name="PROMPT" value="$P$G"/>
    <property name="user.language" value="zh"/>
    <property name="JOB_BASE_NAME" value="testngone"/>
    <property name="RUN_CHANGES_DISPLAY_URL" value="http://localhost:8080/job/testngone/7/display/redirect?page=changes"/>
    <property name="BUILD_DISPLAY_NAME" value="#7"/>
    <property name="sun.boot.library.path" value="C:\Program Files\Java\jdk1.8.0_161\jre\bin"/>
    <property name="LOCALAPPDATA" value="C:\Users\zhangyin\AppData\Local"/>
    <property name="java.version" value="1.8.0_161"/>
    <property name="PROCESSOR_LEVEL" value="6"/>
    <property name="user.timezone" value="Asia/Shanghai"/>
    <property name="USERNAME" value="zhangyin"/>
    <property name="sun.arch.data.model" value="64"/>
    <property name="MOZ_PLUGIN_PATH" value="D:\PDFbianjiqi\Foxit PhantomPDF\plugins\"/>
    <property name="NODE_NAME" value="master"/>
    <property name="java.endorsed.dirs" value="C:\Program Files\Java\jdk1.8.0_161\jre\lib\endorsed"/>
    <property name="BUILD_ID" value="7"/>
    <property name="sun.cpu.isalist" value="amd64"/>
    <property name="sun.jnu.encoding" value="GBK"/>
    <property name="file.encoding.pkg" value="sun.io"/>
    <property name="file.separator" value="\"/>
    <property name="java.specification.name" value="Java Platform API Specification"/>
    <property name="HOMEDRIVE" value="C:"/>
    <property name="maven.conf" value="D:\apache-maven-3.6.0\conf"/>
    <property name="java.class.version" value="52.0"/>
    <property name="=::" value="::\"/>
    <property name="org.slf4j.simpleLogger.defaultLogLevel" value="info"/>
    <property name="user.country" value="CN"/>
    <property name="ALLUSERSPROFILE" value="C:\ProgramData"/>
    <property name="java.home" value="C:\Program Files\Java\jdk1.8.0_161\jre"/>
    <property name="java.vm.info" value="mixed mode"/>
    <property name="os.version" value="6.1"/>
    <property name="RUN_DISPLAY_URL" value="http://localhost:8080/job/testngone/7/display/redirect"/>
    <property name="POM_VERSION" value="1.0-SNAPSHOT"/>
    <property name="TMP" value="C:\Users\zhangyin\AppData\Local\Temp"/>
    <property name="path.separator" value=";"/>
    <property name="java.vm.version" value="25.161-b12"/>
    <property name="user.variant" value=""/>
    <property name="JOB_DISPLAY_URL" value="http://localhost:8080/job/testngone/display/redirect"/>
    <property name="CommonProgramFiles(x86)" value="C:\Program Files (x86)\Common Files"/>
    <property name="java.awt.printerjob" value="sun.awt.windows.WPrinterJob"/>
    <property name="FP_NO_HOST_CHECK" value="NO"/>
    <property name="JAVA_HOME" value="C:\Program Files\Java\jdk1.8.0_161"/>
    <property name="sun.io.unicode.encoding" value="UnicodeLittle"/>
    <property name="CommonProgramFiles" value="C:\Program Files\Common Files"/>
    <property name="ComSpec" value="C:\Windows\system32\cmd.exe"/>
    <property name="HOMEPATH" value="\Users\zhangyin"/>
    <property name="awt.toolkit" value="sun.awt.windows.WToolkit"/>
    <property name="POM_PACKAGING" value="jar"/>
    <property name="user.script" value=""/>
    <property name="COMPUTERNAME" value="ZHANGYIN-PC"/>
    <property name="POM_GROUPID" value="zhangyin"/>
    <property name="user.home" value="C:\Users\zhangyin"/>
    <property name="PUBLIC" value="C:\Users\Public"/>
    <property name="BUILD_TAG" value="jenkins-testngone-7"/>
    <property name="JENKINS_SERVER_COOKIE" value="7e37067e3bf74a56"/>
    <property name="HUDSON_URL" value="http://localhost:8080/"/>
    <property name="ProgramData" value="C:\ProgramData"/>
    <property name="java.specification.vendor" value="Oracle Corporation"/>
    <property name="USERPROFILE" value="C:\Users\zhangyin"/>
    <property name="CLASSPATH" value=""/>
    <property name="TNS_ADMIN" value="D:\instantclient_12_2\NETWORK\ADMIN"/>
    <property name="java.vendor.url" value="http://java.oracle.com/"/>
    <property name="java.library.path" value="C:\Program Files\Java\jdk1.8.0_161\bin;C:\Windows\Sun\Java\bin;C:\Windows\system32;C:\Windows;D:\apache-maven-3.6.0/bin;C:\Program Files\Java\jdk1.8.0_161/bin;C:\Program Files\Java\jdk1.8.0_161/bin;D:\XFTP\;C:\Program Files (x86)\Common Files\Oracle\Java\javapath;C:\ProgramData\Oracle\Java\javapath;C:\Windows\system32;C:\Windows;C:\Windows\System32\Wbem;C:\Windows\System32\WindowsPowerShell\v1.0\;C:\Program Files\Lenovo\Fingerprint Manager Pro\;C:\Program Files\TortoiseSVN\bin;C:\Program Files (x86)\NVIDIA Corporation\PhysX\Common;C:\Program Files\Java\jdk1.8.0_161\bin;C:\Program Files\Java\jdk1.8.0_161\jre\bin;C:\Strawberry\c\bin;C:\Strawberry\perl\site\bin;C:\Strawberry\perl\bin;D:\Git\cmd;D:\SDK\android\androidsdkwindows\platform-tools;D:\SDK\android\androidsdkwindows\tools;C:\Users\zhangyin\AppData\Local\Programs\Python\Python37;D:\SDK\android\androidsdkwindows\tools;D:\SDK\android\androidsdkwindows\platform-tools;D:\SDK\android\androidsdkwindows\build-tools\29.0.1;D:\appium\Appium\node_modules\.bin;D:\nodejs;C:\Program Files (x86)\Google\Chrome\Application;D:\instantclient_12_2;C:\Users\zhangyin\AppData\Local\Programs\Python\Python37\Scripts\;C:\Users\zhangyin\AppData\Local\Programs\Python\Python37\;D:\apache-maven-3.6.0\bin;C:\Program Files (x86)\Google\Chrome\Application;;."/>
    <property name="java.vm.vendor" value="Oracle Corporation"/>
    <property name="APPDATA" value="C:\Users\zhangyin\AppData\Roaming"/>
    <property name="java.runtime.name" value="Java(TM) SE Runtime Environment"/>
    <property name="maven.home" value="D:\apache-maven-3.6.0"/>
    <property name="java.class.path" value="C:\Users\zhangyin\.jenkins\plugins\maven-plugin\WEB-INF\lib\maven35-agent-1.12.jar;D:\apache-maven-3.6.0\boot\plexus-classworlds-2.5.2.jar;D:\apache-maven-3.6.0/conf/logging"/>
    <property name="sun.java.command" value="jenkins.maven3.agent.Maven35Main D:\apache-maven-3.6.0 C:\Users\zhangyin\.jenkins\war\WEB-INF\lib\remoting-3.29.jar C:\Users\zhangyin\.jenkins\plugins\maven-plugin\WEB-INF\lib\maven35-interceptor-1.12.jar C:\Users\zhangyin\.jenkins\plugins\maven-plugin\WEB-INF\lib\maven3-interceptor-commons-1.12.jar 51475"/>
    <property name="Path" value="C:\Program Files\Java\jdk1.8.0_161/bin;D:\XFTP\;C:\Program Files (x86)\Common Files\Oracle\Java\javapath;C:\ProgramData\Oracle\Java\javapath;C:\Windows\system32;C:\Windows;C:\Windows\System32\Wbem;C:\Windows\System32\WindowsPowerShell\v1.0\;C:\Program Files\Lenovo\Fingerprint Manager Pro\;C:\Program Files\TortoiseSVN\bin;C:\Program Files (x86)\NVIDIA Corporation\PhysX\Common;C:\Program Files\Java\jdk1.8.0_161\bin;C:\Program Files\Java\jdk1.8.0_161\jre\bin;C:\Strawberry\c\bin;C:\Strawberry\perl\site\bin;C:\Strawberry\perl\bin;D:\Git\cmd;D:\SDK\android\androidsdkwindows\platform-tools;D:\SDK\android\androidsdkwindows\tools;C:\Users\zhangyin\AppData\Local\Programs\Python\Python37;D:\SDK\android\androidsdkwindows\tools;D:\SDK\android\androidsdkwindows\platform-tools;D:\SDK\android\androidsdkwindows\build-tools\29.0.1;D:\appium\Appium\node_modules\.bin;D:\nodejs;C:\Program Files (x86)\Google\Chrome\Application;D:\instantclient_12_2;C:\Users\zhangyin\AppData\Local\Programs\Python\Python37\Scripts\;C:\Users\zhangyin\AppData\Local\Programs\Python\Python37\;D:\apache-maven-3.6.0\bin;C:\Program Files (x86)\Google\Chrome\Application;"/>
    <property name="java.vm.specification.name" value="Java Virtual Machine Specification"/>
    <property name="PROCESSOR_ARCHITECTURE" value="AMD64"/>
    <property name="PATH+JDK" value="C:\Program Files\Java\jdk1.8.0_161/bin"/>
    <property name="PROCESSOR_IDENTIFIER" value="Intel64 Family 6 Model 60 Stepping 3, GenuineIntel"/>
    <property name="SESSIONNAME" value="Console"/>
    <property name="java.vm.specification.version" value="1.8"/>
    <property name="sun.os.patch.level" value="Service Pack 1"/>
    <property name="sun.cpu.endian" value="little"/>
    <property name="M2_HOME" value="D:\apache-maven-3.6.0"/>
    <property name="=D:" value="D:\Jenkins"/>
    <property name="java.io.tmpdir" value="C:\Users\zhangyin\AppData\Local\Temp\"/>
    <property name="OS" value="Windows_NT"/>
    <property name="HUDSON_HOME" value="C:\Users\zhangyin\.jenkins"/>
    <property name="PATH+MAVEN" value="D:\apache-maven-3.6.0/bin"/>
    <property name="ProgramFiles(x86)" value="C:\Program Files (x86)"/>
    <property name="BUILD_URL" value="http://localhost:8080/job/testngone/7/"/>
    <property name="java.vendor.url.bug" value="http://bugreport.sun.com/bugreport/"/>
    <property name="java.awt.graphicsenv" value="sun.awt.Win32GraphicsEnvironment"/>
    <property name="os.arch" value="amd64"/>
    <property name="SystemRoot" value="C:\Windows"/>
    <property name="windows_tracing_flags" value="3"/>
    <property name="java.ext.dirs" value="C:\Program Files\Java\jdk1.8.0_161\jre\lib\ext;C:\Windows\Sun\Java\lib\ext"/>
    <property name="user.dir" value="D:\testng"/>
    <property name="JOB_URL" value="http://localhost:8080/job/testngone/"/>
    <property name="LOGONSERVER" value="\\ZHANGYIN-PC"/>
    <property name="USERDOMAIN" value="zhangyin-PC"/>
    <property name="line.separator" value="
"/>
    <property name="MAVEN_HOME" value="D:\apache-maven-3.6.0"/>
    <property name="java.vm.name" value="Java HotSpot(TM) 64-Bit Server VM"/>
    <property name="BUILD_NUMBER" value="7"/>
    <property name="NLS_LANG" value="SIMPLIFIED CHINESE_CHINA.ZHS16GBK"/>
    <property name="ANDROID_HOME" value="D:\SDK\android\androidsdkwindows"/>
    <property name="JENKINS_URL" value="http://localhost:8080/"/>
    <property name="PROCESSOR_REVISION" value="3c03"/>
    <property name="ProgramW6432" value="C:\Program Files"/>
    <property name="windir" value="C:\Windows"/>
    <property name="=C:" value="C:\Users\zhangyin"/>
    <property name="file.encoding" value="GBK"/>
    <property name="SystemDrive" value="C:"/>
    <property name="maven3.interceptor" value="C:\Users\zhangyin\.jenkins\plugins\maven-plugin\WEB-INF\lib\maven35-interceptor-1.12.jar"/>
    <property name="WORKSPACE" value="C:\Users\zhangyin\.jenkins\workspace\testngone"/>
    <property name="maven3.interceptor.common" value="C:\Users\zhangyin\.jenkins\plugins\maven-plugin\WEB-INF\lib\maven3-interceptor-commons-1.12.jar"/>
    <property name="java.specification.version" value="1.8"/>
    <property name="PSModulePath" value="C:\Windows\system32\WindowsPowerShell\v1.0\Modules\"/>
  </properties>
  <testcase classname="chuji.StudentTest" name="testWolf" time="0.03"/>
  <testcase classname="chuji.sonTest" name="testName" time="0.004"/>
  <testcase classname="chuji.suanfaTest" name="testJiafa" time="0.004"/>
  <testcase classname="chuji.suanfaTest" name="testChufa" time="0"/>
  <testcase classname="chuji.suanfaTesttwo" name="testJiafa" time="0"/>
  <testcase classname="chuji.suanfaTesttwo" name="testChaoShi" time="5.037"/>
  <testcase classname="chuji.testngzhuanyong" name="testone" time="0"/>
  <testcase classname="chuji.testngzhuanyong" name="testtwo" time="0"/>
  <testcase classname="chuji.testngzhuanyong" name="testfour" time="0"/>
  <testcase classname="chuji.testngzhuanyong" name="testfive" time="0"/>
  <testcase classname="chuji.testngzhuanyong" name="testsix" time="0"/>
  <testcase classname="mockito.AccountLoginontrollerTest" name="testLogin" time="0.041"/>
</testsuite>