<?xml version="1.0" encoding="UTF-8"?>
<!-- Generated by org.testng.reporters.JUnitReportReporter -->
<testsuite skipped="0" hostname="zhangyin-PC" name="chuji.suanfaTest" tests="2" failures="0" timestamp="28 五月 2020 03:01:15 GMT" time="0.000" errors="0">
  <testcase name="testChufa" time="0.000" classname="chuji.suanfaTest"/>
  <testcase name="testJiafa" time="0.000" classname="chuji.suanfaTest"/>
</testsuite> <!-- chuji.suanfaTest -->
