<?xml version="1.0" encoding="UTF-8"?>
<!-- Generated by org.testng.reporters.JUnitReportReporter -->
<testsuite skipped="0" hostname="zhangyin-PC" name="chuji.sonTest" tests="1" failures="0" timestamp="28 五月 2020 03:01:15 GMT" time="0.004" errors="0">
  <testcase name="testName" time="0.004" classname="chuji.sonTest"/>
</testsuite> <!-- chuji.sonTest -->
