<?xml version="1.0" encoding="UTF-8"?>
<!-- Generated by org.testng.reporters.JUnitReportReporter -->
<testsuite skipped="0" hostname="zhangyin-PC" name="mockito.AccountLoginontrollerTest" tests="1" failures="0" timestamp="28 五月 2020 03:01:15 GMT" time="0.238" errors="0">
  <testcase name="testLogin" time="0.238" classname="mockito.AccountLoginontrollerTest"/>
</testsuite> <!-- mockito.AccountLoginontrollerTest -->
