<?xml version="1.0" encoding="UTF-8"?>
<!-- Generated by org.testng.reporters.JUnitReportReporter -->
<testsuite skipped="0" hostname="zhangyin-PC" name="chuji.testngzhuanyong" tests="5" failures="0" timestamp="28 五月 2020 03:01:15 GMT" time="0.000" errors="0">
  <testcase name="testfive" time="0.000" classname="chuji.testngzhuanyong"/>
  <testcase name="testsix" time="0.000" classname="chuji.testngzhuanyong"/>
  <testcase name="testone" time="0.000" classname="chuji.testngzhuanyong"/>
  <testcase name="testfour" time="0.000" classname="chuji.testngzhuanyong"/>
  <testcase name="testtwo" time="0.000" classname="chuji.testngzhuanyong"/>
</testsuite> <!-- chuji.testngzhuanyong -->
