<?xml version="1.0" encoding="UTF-8"?>
<!-- Generated by org.testng.reporters.JUnitReportReporter -->
<testsuite skipped="1" hostname="zhangyin-PC" name="chuji.StudentTest" tests="2" failures="0" timestamp="28 五月 2020 03:01:15 GMT" time="0.028" errors="0">
  <testcase name="testWolf" time="0.028" classname="chuji.StudentTest"/>
  <testcase name="testGetScore" classname="chuji.StudentTest">
    <skipped/>
  </testcase> <!-- testGetScore -->
</testsuite> <!-- chuji.StudentTest -->
