<?xml version="1.0" encoding="UTF-8"?>
<!-- Generated by org.testng.reporters.JUnitReportReporter -->
<testsuite skipped="0" hostname="zhangyin-PC" name="chuji.suanfaTesttwo" tests="2" failures="0" timestamp="28 五月 2020 03:01:15 GMT" time="5.041" errors="0">
  <testcase name="testJiafa" time="0.003" classname="chuji.suanfaTesttwo"/>
  <testcase name="testChaoShi" time="5.038" classname="chuji.suanfaTesttwo"/>
</testsuite> <!-- chuji.suanfaTesttwo -->
